Base path: C:/Program Files/Unity/Editor/Data
Cmd: initializeCompiler
<<<<<<< HEAD
<<<<<<< HEAD
<<<<<<< HEAD
<<<<<<< HEAD
<<<<<<< HEAD
=======
<<<<<<< HEAD
Cmd: initializeCompiler
=======
>>>>>>> cdc9931d5d6270ac588468220186b8fb37ba8e97
>>>>>>> 9aef428e9840ab78f735a135f0c1369eca87bdcd
=======
Cmd: initializeCompiler
=======
>>>>>>> cdc9931d5d6270ac588468220186b8fb37ba8e97
>>>>>>> 9aef428e9840ab78f735a135f0c1369eca87bdcd
=======
Cmd: initializeCompiler
=======
>>>>>>> cdc9931d5d6270ac588468220186b8fb37ba8e97
>>>>>>> 9aef428e9840ab78f735a135f0c1369eca87bdcd
=======
Cmd: initializeCompiler
=======
>>>>>>> cdc9931d5d6270ac588468220186b8fb37ba8e97
>>>>>>> 9aef428e9840ab78f735a135f0c1369eca87bdcd
=======
Cmd: initializeCompiler
=======
>>>>>>> cdc9931d5d6270ac588468220186b8fb37ba8e97
>>>>>>> b9c0ae953ad23376f9b886eb80712815fca5d4f9
